[2023-04-27 12:08:05] production.ERROR: No application encryption key has been specified. {"exception":"[object] (Illuminate\\Encryption\\MissingAppKeyException(code: 0): No application encryption key has been specified. at C:\\Sites\\nazmart\\core\\vendor\\laravel\\framework\\src\\Illuminate\\Encryption\\EncryptionServiceProvider.php:79)
[stacktrace]
#0 C:\\Sites\\nazmart\\core\\vendor\\laravel\\framework\\src\\Illuminate\\Support\\helpers.php(306): Illuminate\\Encryption\\EncryptionServiceProvider->Illuminate\\Encryption\\{closure}(NULL)
#1 C:\\Sites\\nazmart\\core\\vendor\\laravel\\framework\\src\\Illuminate\\Encryption\\EncryptionServiceProvider.php(81): tap(NULL, Object(Closure))
#2 C:\\Sites\\nazmart\\core\\vendor\\laravel\\framework\\src\\Illuminate\\Encryption\\EncryptionServiceProvider.php(60): Illuminate\\Encryption\\EncryptionServiceProvider->key(Array)
#3 C:\\Sites\\nazmart\\core\\vendor\\laravel\\framework\\src\\Illuminate\\Encryption\\EncryptionServiceProvider.php(32): Illuminate\\Encryption\\EncryptionServiceProvider->parseKey(Array)
#4 C:\\Sites\\nazmart\\core\\vendor\\laravel\\framework\\src\\Illuminate\\Container\\Container.php(871): Illuminate\\Encryption\\EncryptionServiceProvider->Illuminate\\Encryption\\{closure}(Object(Illuminate\\Foundation\\Application), Array)
#5 C:\\Sites\\nazmart\\core\\vendor\\laravel\\framework\\src\\Illuminate\\Container\\Container.php(756): Illuminate\\Container\\Container->build(Object(Closure))
#6 C:\\Sites\\nazmart\\core\\vendor\\laravel\\framework\\src\\Illuminate\\Foundation\\Application.php(860): Illuminate\\Container\\Container->resolve('encrypter', Array, true)
#7 C:\\Sites\\nazmart\\core\\vendor\\laravel\\framework\\src\\Illuminate\\Container\\Container.php(692): Illuminate\\Foundation\\Application->resolve('encrypter', Array)
#8 C:\\Sites\\nazmart\\core\\vendor\\laravel\\framework\\src\\Illuminate\\Foundation\\Application.php(845): Illuminate\\Container\\Container->make('encrypter', Array)
#9 C:\\Sites\\nazmart\\core\\vendor\\laravel\\framework\\src\\Illuminate\\Container\\Container.php(1029): Illuminate\\Foundation\\Application->make('encrypter')
#10 C:\\Sites\\nazmart\\core\\vendor\\laravel\\framework\\src\\Illuminate\\Container\\Container.php(945): Illuminate\\Container\\Container->resolveClass(Object(ReflectionParameter))
#11 C:\\Sites\\nazmart\\core\\vendor\\laravel\\framework\\src\\Illuminate\\Container\\Container.php(906): Illuminate\\Container\\Container->resolveDependencies(Array)
#12 C:\\Sites\\nazmart\\core\\vendor\\laravel\\framework\\src\\Illuminate\\Container\\Container.php(756): Illuminate\\Container\\Container->build('App\\\\Http\\\\Middle...')
#13 C:\\Sites\\nazmart\\core\\vendor\\laravel\\framework\\src\\Illuminate\\Foundation\\Application.php(860): Illuminate\\Container\\Container->resolve('App\\\\Http\\\\Middle...', Array, true)
#14 C:\\Sites\\nazmart\\core\\vendor\\laravel\\framework\\src\\Illuminate\\Container\\Container.php(692): Illuminate\\Foundation\\Application->resolve('App\\\\Http\\\\Middle...', Array)
#15 C:\\Sites\\nazmart\\core\\vendor\\laravel\\framework\\src\\Illuminate\\Foundation\\Application.php(845): Illuminate\\Container\\Container->make('App\\\\Http\\\\Middle...', Array)
#16 C:\\Sites\\nazmart\\core\\vendor\\laravel\\framework\\src\\Illuminate\\Pipeline\\Pipeline.php(169): Illuminate\\Foundation\\Application->make('App\\\\Http\\\\Middle...')
#17 C:\\Sites\\nazmart\\core\\vendor\\laravel\\framework\\src\\Illuminate\\Pipeline\\Pipeline.php(116): Illuminate\\Pipeline\\Pipeline->Illuminate\\Pipeline\\{closure}(Object(Illuminate\\Http\\Request))
#18 C:\\Sites\\nazmart\\core\\vendor\\laravel\\framework\\src\\Illuminate\\Routing\\Router.php(799): Illuminate\\Pipeline\\Pipeline->then(Object(Closure))
#19 C:\\Sites\\nazmart\\core\\vendor\\laravel\\framework\\src\\Illuminate\\Routing\\Router.php(776): Illuminate\\Routing\\Router->runRouteWithinStack(Object(Illuminate\\Routing\\Route), Object(Illuminate\\Http\\Request))
#20 C:\\Sites\\nazmart\\core\\vendor\\laravel\\framework\\src\\Illuminate\\Routing\\Router.php(740): Illuminate\\Routing\\Router->runRoute(Object(Illuminate\\Http\\Request), Object(Illuminate\\Routing\\Route))
#21 C:\\Sites\\nazmart\\core\\vendor\\laravel\\framework\\src\\Illuminate\\Routing\\Router.php(729): Illuminate\\Routing\\Router->dispatchToRoute(Object(Illuminate\\Http\\Request))
#22 C:\\Sites\\nazmart\\core\\vendor\\laravel\\framework\\src\\Illuminate\\Foundation\\Http\\Kernel.php(190): Illuminate\\Routing\\Router->dispatch(Object(Illuminate\\Http\\Request))
#23 C:\\Sites\\nazmart\\core\\vendor\\laravel\\framework\\src\\Illuminate\\Pipeline\\Pipeline.php(141): Illuminate\\Foundation\\Http\\Kernel->Illuminate\\Foundation\\Http\\{closure}(Object(Illuminate\\Http\\Request))
#24 C:\\Sites\\nazmart\\core\\vendor\\barryvdh\\laravel-debugbar\\src\\Middleware\\InjectDebugbar.php(59): Illuminate\\Pipeline\\Pipeline->Illuminate\\Pipeline\\{closure}(Object(Illuminate\\Http\\Request))
#25 C:\\Sites\\nazmart\\core\\vendor\\laravel\\framework\\src\\Illuminate\\Pipeline\\Pipeline.php(180): Barryvdh\\Debugbar\\Middleware\\InjectDebugbar->handle(Object(Illuminate\\Http\\Request), Object(Closure))
#26 C:\\Sites\\nazmart\\core\\vendor\\laravel\\framework\\src\\Illuminate\\Foundation\\Http\\Middleware\\TransformsRequest.php(21): Illuminate\\Pipeline\\Pipeline->Illuminate\\Pipeline\\{closure}(Object(Illuminate\\Http\\Request))
#27 C:\\Sites\\nazmart\\core\\vendor\\laravel\\framework\\src\\Illuminate\\Foundation\\Http\\Middleware\\ConvertEmptyStringsToNull.php(31): Illuminate\\Foundation\\Http\\Middleware\\TransformsRequest->handle(Object(Illuminate\\Http\\Request), Object(Closure))
#28 C:\\Sites\\nazmart\\core\\vendor\\laravel\\framework\\src\\Illuminate\\Pipeline\\Pipeline.php(180): Illuminate\\Foundation\\Http\\Middleware\\ConvertEmptyStringsToNull->handle(Object(Illuminate\\Http\\Request), Object(Closure))
#29 C:\\Sites\\nazmart\\core\\vendor\\laravel\\framework\\src\\Illuminate\\Foundation\\Http\\Middleware\\TransformsRequest.php(21): Illuminate\\Pipeline\\Pipeline->Illuminate\\Pipeline\\{closure}(Object(Illuminate\\Http\\Request))
#30 C:\\Sites\\nazmart\\core\\vendor\\laravel\\framework\\src\\Illuminate\\Foundation\\Http\\Middleware\\TrimStrings.php(40): Illuminate\\Foundation\\Http\\Middleware\\TransformsRequest->handle(Object(Illuminate\\Http\\Request), Object(Closure))
#31 C:\\Sites\\nazmart\\core\\vendor\\laravel\\framework\\src\\Illuminate\\Pipeline\\Pipeline.php(180): Illuminate\\Foundation\\Http\\Middleware\\TrimStrings->handle(Object(Illuminate\\Http\\Request), Object(Closure))
#32 C:\\Sites\\nazmart\\core\\vendor\\laravel\\framework\\src\\Illuminate\\Foundation\\Http\\Middleware\\ValidatePostSize.php(27): Illuminate\\Pipeline\\Pipeline->Illuminate\\Pipeline\\{closure}(Object(Illuminate\\Http\\Request))
#33 C:\\Sites\\nazmart\\core\\vendor\\laravel\\framework\\src\\Illuminate\\Pipeline\\Pipeline.php(180): Illuminate\\Foundation\\Http\\Middleware\\ValidatePostSize->handle(Object(Illuminate\\Http\\Request), Object(Closure))
#34 C:\\Sites\\nazmart\\core\\vendor\\laravel\\framework\\src\\Illuminate\\Foundation\\Http\\Middleware\\PreventRequestsDuringMaintenance.php(86): Illuminate\\Pipeline\\Pipeline->Illuminate\\Pipeline\\{closure}(Object(Illuminate\\Http\\Request))
#35 C:\\Sites\\nazmart\\core\\vendor\\laravel\\framework\\src\\Illuminate\\Pipeline\\Pipeline.php(180): Illuminate\\Foundation\\Http\\Middleware\\PreventRequestsDuringMaintenance->handle(Object(Illuminate\\Http\\Request), Object(Closure))
#36 C:\\Sites\\nazmart\\core\\vendor\\fruitcake\\laravel-cors\\src\\HandleCors.php(38): Illuminate\\Pipeline\\Pipeline->Illuminate\\Pipeline\\{closure}(Object(Illuminate\\Http\\Request))
#37 C:\\Sites\\nazmart\\core\\vendor\\laravel\\framework\\src\\Illuminate\\Pipeline\\Pipeline.php(180): Fruitcake\\Cors\\HandleCors->handle(Object(Illuminate\\Http\\Request), Object(Closure))
#38 C:\\Sites\\nazmart\\core\\vendor\\laravel\\framework\\src\\Illuminate\\Http\\Middleware\\TrustProxies.php(39): Illuminate\\Pipeline\\Pipeline->Illuminate\\Pipeline\\{closure}(Object(Illuminate\\Http\\Request))
#39 C:\\Sites\\nazmart\\core\\vendor\\laravel\\framework\\src\\Illuminate\\Pipeline\\Pipeline.php(180): Illuminate\\Http\\Middleware\\TrustProxies->handle(Object(Illuminate\\Http\\Request), Object(Closure))
#40 C:\\Sites\\nazmart\\core\\vendor\\laravel\\framework\\src\\Illuminate\\Pipeline\\Pipeline.php(116): Illuminate\\Pipeline\\Pipeline->Illuminate\\Pipeline\\{closure}(Object(Illuminate\\Http\\Request))
#41 C:\\Sites\\nazmart\\core\\vendor\\laravel\\framework\\src\\Illuminate\\Foundation\\Http\\Kernel.php(165): Illuminate\\Pipeline\\Pipeline->then(Object(Closure))
#42 C:\\Sites\\nazmart\\core\\vendor\\laravel\\framework\\src\\Illuminate\\Foundation\\Http\\Kernel.php(134): Illuminate\\Foundation\\Http\\Kernel->sendRequestThroughRouter(Object(Illuminate\\Http\\Request))
#43 C:\\Sites\\nazmart\\index.php(71): Illuminate\\Foundation\\Http\\Kernel->handle(Object(Illuminate\\Http\\Request))
#44 C:\\Users\\DELL\\AppData\\Roaming\\Composer\\vendor\\cretueusebiu\\valet-windows\\server.php(241): require('C:\\\\Sites\\\\nazmar...')
#45 {main}
"} 
[2023-04-27 12:08:05] production.ERROR: No application encryption key has been specified. {"exception":"[object] (Illuminate\\Encryption\\MissingAppKeyException(code: 0): No application encryption key has been specified. at C:\\Sites\\nazmart\\core\\vendor\\laravel\\framework\\src\\Illuminate\\Encryption\\EncryptionServiceProvider.php:79)
[stacktrace]
#0 C:\\Sites\\nazmart\\core\\vendor\\laravel\\framework\\src\\Illuminate\\Support\\helpers.php(306): Illuminate\\Encryption\\EncryptionServiceProvider->Illuminate\\Encryption\\{closure}(NULL)
#1 C:\\Sites\\nazmart\\core\\vendor\\laravel\\framework\\src\\Illuminate\\Encryption\\EncryptionServiceProvider.php(81): tap(NULL, Object(Closure))
#2 C:\\Sites\\nazmart\\core\\vendor\\laravel\\framework\\src\\Illuminate\\Encryption\\EncryptionServiceProvider.php(60): Illuminate\\Encryption\\EncryptionServiceProvider->key(Array)
#3 C:\\Sites\\nazmart\\core\\vendor\\laravel\\framework\\src\\Illuminate\\Encryption\\EncryptionServiceProvider.php(32): Illuminate\\Encryption\\EncryptionServiceProvider->parseKey(Array)
#4 C:\\Sites\\nazmart\\core\\vendor\\laravel\\framework\\src\\Illuminate\\Container\\Container.php(871): Illuminate\\Encryption\\EncryptionServiceProvider->Illuminate\\Encryption\\{closure}(Object(Illuminate\\Foundation\\Application), Array)
#5 C:\\Sites\\nazmart\\core\\vendor\\laravel\\framework\\src\\Illuminate\\Container\\Container.php(756): Illuminate\\Container\\Container->build(Object(Closure))
#6 C:\\Sites\\nazmart\\core\\vendor\\laravel\\framework\\src\\Illuminate\\Foundation\\Application.php(860): Illuminate\\Container\\Container->resolve('encrypter', Array, true)
#7 C:\\Sites\\nazmart\\core\\vendor\\laravel\\framework\\src\\Illuminate\\Container\\Container.php(692): Illuminate\\Foundation\\Application->resolve('encrypter', Array)
#8 C:\\Sites\\nazmart\\core\\vendor\\laravel\\framework\\src\\Illuminate\\Foundation\\Application.php(845): Illuminate\\Container\\Container->make('encrypter', Array)
#9 C:\\Sites\\nazmart\\core\\vendor\\laravel\\framework\\src\\Illuminate\\Container\\Container.php(1029): Illuminate\\Foundation\\Application->make('encrypter')
#10 C:\\Sites\\nazmart\\core\\vendor\\laravel\\framework\\src\\Illuminate\\Container\\Container.php(945): Illuminate\\Container\\Container->resolveClass(Object(ReflectionParameter))
#11 C:\\Sites\\nazmart\\core\\vendor\\laravel\\framework\\src\\Illuminate\\Container\\Container.php(906): Illuminate\\Container\\Container->resolveDependencies(Array)
#12 C:\\Sites\\nazmart\\core\\vendor\\laravel\\framework\\src\\Illuminate\\Container\\Container.php(756): Illuminate\\Container\\Container->build('App\\\\Http\\\\Middle...')
#13 C:\\Sites\\nazmart\\core\\vendor\\laravel\\framework\\src\\Illuminate\\Foundation\\Application.php(860): Illuminate\\Container\\Container->resolve('App\\\\Http\\\\Middle...', Array, true)
#14 C:\\Sites\\nazmart\\core\\vendor\\laravel\\framework\\src\\Illuminate\\Container\\Container.php(692): Illuminate\\Foundation\\Application->resolve('App\\\\Http\\\\Middle...', Array)
#15 C:\\Sites\\nazmart\\core\\vendor\\laravel\\framework\\src\\Illuminate\\Foundation\\Application.php(845): Illuminate\\Container\\Container->make('App\\\\Http\\\\Middle...', Array)
#16 C:\\Sites\\nazmart\\core\\vendor\\laravel\\framework\\src\\Illuminate\\Foundation\\Http\\Kernel.php(239): Illuminate\\Foundation\\Application->make('App\\\\Http\\\\Middle...')
#17 C:\\Sites\\nazmart\\core\\vendor\\laravel\\framework\\src\\Illuminate\\Foundation\\Http\\Kernel.php(203): Illuminate\\Foundation\\Http\\Kernel->terminateMiddleware(Object(Illuminate\\Http\\Request), Object(Illuminate\\Http\\Response))
#18 C:\\Sites\\nazmart\\index.php(74): Illuminate\\Foundation\\Http\\Kernel->terminate(Object(Illuminate\\Http\\Request), Object(Illuminate\\Http\\Response))
#19 C:\\Users\\DELL\\AppData\\Roaming\\Composer\\vendor\\cretueusebiu\\valet-windows\\server.php(241): require('C:\\\\Sites\\\\nazmar...')
#20 {main}
"} 
[2023-04-27 12:08:05] production.ERROR: No application encryption key has been specified. {"exception":"[object] (Illuminate\\Encryption\\MissingAppKeyException(code: 0): No application encryption key has been specified. at C:\\Sites\\nazmart\\core\\vendor\\laravel\\framework\\src\\Illuminate\\Encryption\\EncryptionServiceProvider.php:79)
[stacktrace]
#0 C:\\Sites\\nazmart\\core\\vendor\\laravel\\framework\\src\\Illuminate\\Support\\helpers.php(306): Illuminate\\Encryption\\EncryptionServiceProvider->Illuminate\\Encryption\\{closure}(NULL)
#1 C:\\Sites\\nazmart\\core\\vendor\\laravel\\framework\\src\\Illuminate\\Encryption\\EncryptionServiceProvider.php(81): tap(NULL, Object(Closure))
#2 C:\\Sites\\nazmart\\core\\vendor\\laravel\\framework\\src\\Illuminate\\Encryption\\EncryptionServiceProvider.php(60): Illuminate\\Encryption\\EncryptionServiceProvider->key(Array)
#3 C:\\Sites\\nazmart\\core\\vendor\\laravel\\framework\\src\\Illuminate\\Encryption\\EncryptionServiceProvider.php(32): Illuminate\\Encryption\\EncryptionServiceProvider->parseKey(Array)
#4 C:\\Sites\\nazmart\\core\\vendor\\laravel\\framework\\src\\Illuminate\\Container\\Container.php(871): Illuminate\\Encryption\\EncryptionServiceProvider->Illuminate\\Encryption\\{closure}(Object(Illuminate\\Foundation\\Application), Array)
#5 C:\\Sites\\nazmart\\core\\vendor\\laravel\\framework\\src\\Illuminate\\Container\\Container.php(756): Illuminate\\Container\\Container->build(Object(Closure))
#6 C:\\Sites\\nazmart\\core\\vendor\\laravel\\framework\\src\\Illuminate\\Foundation\\Application.php(860): Illuminate\\Container\\Container->resolve('encrypter', Array, true)
#7 C:\\Sites\\nazmart\\core\\vendor\\laravel\\framework\\src\\Illuminate\\Container\\Container.php(692): Illuminate\\Foundation\\Application->resolve('encrypter', Array)
#8 C:\\Sites\\nazmart\\core\\vendor\\laravel\\framework\\src\\Illuminate\\Foundation\\Application.php(845): Illuminate\\Container\\Container->make('encrypter', Array)
#9 C:\\Sites\\nazmart\\core\\vendor\\laravel\\framework\\src\\Illuminate\\Container\\Container.php(1029): Illuminate\\Foundation\\Application->make('encrypter')
#10 C:\\Sites\\nazmart\\core\\vendor\\laravel\\framework\\src\\Illuminate\\Container\\Container.php(945): Illuminate\\Container\\Container->resolveClass(Object(ReflectionParameter))
#11 C:\\Sites\\nazmart\\core\\vendor\\laravel\\framework\\src\\Illuminate\\Container\\Container.php(906): Illuminate\\Container\\Container->resolveDependencies(Array)
#12 C:\\Sites\\nazmart\\core\\vendor\\laravel\\framework\\src\\Illuminate\\Container\\Container.php(756): Illuminate\\Container\\Container->build('App\\\\Http\\\\Middle...')
#13 C:\\Sites\\nazmart\\core\\vendor\\laravel\\framework\\src\\Illuminate\\Foundation\\Application.php(860): Illuminate\\Container\\Container->resolve('App\\\\Http\\\\Middle...', Array, true)
#14 C:\\Sites\\nazmart\\core\\vendor\\laravel\\framework\\src\\Illuminate\\Container\\Container.php(692): Illuminate\\Foundation\\Application->resolve('App\\\\Http\\\\Middle...', Array)
#15 C:\\Sites\\nazmart\\core\\vendor\\laravel\\framework\\src\\Illuminate\\Foundation\\Application.php(845): Illuminate\\Container\\Container->make('App\\\\Http\\\\Middle...', Array)
#16 C:\\Sites\\nazmart\\core\\vendor\\laravel\\framework\\src\\Illuminate\\Pipeline\\Pipeline.php(169): Illuminate\\Foundation\\Application->make('App\\\\Http\\\\Middle...')
#17 C:\\Sites\\nazmart\\core\\vendor\\laravel\\framework\\src\\Illuminate\\Pipeline\\Pipeline.php(116): Illuminate\\Pipeline\\Pipeline->Illuminate\\Pipeline\\{closure}(Object(Illuminate\\Http\\Request))
#18 C:\\Sites\\nazmart\\core\\vendor\\laravel\\framework\\src\\Illuminate\\Routing\\Router.php(799): Illuminate\\Pipeline\\Pipeline->then(Object(Closure))
#19 C:\\Sites\\nazmart\\core\\vendor\\laravel\\framework\\src\\Illuminate\\Routing\\Router.php(776): Illuminate\\Routing\\Router->runRouteWithinStack(Object(Illuminate\\Routing\\Route), Object(Illuminate\\Http\\Request))
#20 C:\\Sites\\nazmart\\core\\vendor\\laravel\\framework\\src\\Illuminate\\Routing\\Router.php(740): Illuminate\\Routing\\Router->runRoute(Object(Illuminate\\Http\\Request), Object(Illuminate\\Routing\\Route))
#21 C:\\Sites\\nazmart\\core\\vendor\\laravel\\framework\\src\\Illuminate\\Routing\\Router.php(729): Illuminate\\Routing\\Router->dispatchToRoute(Object(Illuminate\\Http\\Request))
#22 C:\\Sites\\nazmart\\core\\vendor\\laravel\\framework\\src\\Illuminate\\Foundation\\Http\\Kernel.php(190): Illuminate\\Routing\\Router->dispatch(Object(Illuminate\\Http\\Request))
#23 C:\\Sites\\nazmart\\core\\vendor\\laravel\\framework\\src\\Illuminate\\Pipeline\\Pipeline.php(141): Illuminate\\Foundation\\Http\\Kernel->Illuminate\\Foundation\\Http\\{closure}(Object(Illuminate\\Http\\Request))
#24 C:\\Sites\\nazmart\\core\\vendor\\barryvdh\\laravel-debugbar\\src\\Middleware\\InjectDebugbar.php(59): Illuminate\\Pipeline\\Pipeline->Illuminate\\Pipeline\\{closure}(Object(Illuminate\\Http\\Request))
#25 C:\\Sites\\nazmart\\core\\vendor\\laravel\\framework\\src\\Illuminate\\Pipeline\\Pipeline.php(180): Barryvdh\\Debugbar\\Middleware\\InjectDebugbar->handle(Object(Illuminate\\Http\\Request), Object(Closure))
#26 C:\\Sites\\nazmart\\core\\vendor\\laravel\\framework\\src\\Illuminate\\Foundation\\Http\\Middleware\\TransformsRequest.php(21): Illuminate\\Pipeline\\Pipeline->Illuminate\\Pipeline\\{closure}(Object(Illuminate\\Http\\Request))
#27 C:\\Sites\\nazmart\\core\\vendor\\laravel\\framework\\src\\Illuminate\\Foundation\\Http\\Middleware\\ConvertEmptyStringsToNull.php(31): Illuminate\\Foundation\\Http\\Middleware\\TransformsRequest->handle(Object(Illuminate\\Http\\Request), Object(Closure))
#28 C:\\Sites\\nazmart\\core\\vendor\\laravel\\framework\\src\\Illuminate\\Pipeline\\Pipeline.php(180): Illuminate\\Foundation\\Http\\Middleware\\ConvertEmptyStringsToNull->handle(Object(Illuminate\\Http\\Request), Object(Closure))
#29 C:\\Sites\\nazmart\\core\\vendor\\laravel\\framework\\src\\Illuminate\\Foundation\\Http\\Middleware\\TransformsRequest.php(21): Illuminate\\Pipeline\\Pipeline->Illuminate\\Pipeline\\{closure}(Object(Illuminate\\Http\\Request))
#30 C:\\Sites\\nazmart\\core\\vendor\\laravel\\framework\\src\\Illuminate\\Foundation\\Http\\Middleware\\TrimStrings.php(40): Illuminate\\Foundation\\Http\\Middleware\\TransformsRequest->handle(Object(Illuminate\\Http\\Request), Object(Closure))
#31 C:\\Sites\\nazmart\\core\\vendor\\laravel\\framework\\src\\Illuminate\\Pipeline\\Pipeline.php(180): Illuminate\\Foundation\\Http\\Middleware\\TrimStrings->handle(Object(Illuminate\\Http\\Request), Object(Closure))
#32 C:\\Sites\\nazmart\\core\\vendor\\laravel\\framework\\src\\Illuminate\\Foundation\\Http\\Middleware\\ValidatePostSize.php(27): Illuminate\\Pipeline\\Pipeline->Illuminate\\Pipeline\\{closure}(Object(Illuminate\\Http\\Request))
#33 C:\\Sites\\nazmart\\core\\vendor\\laravel\\framework\\src\\Illuminate\\Pipeline\\Pipeline.php(180): Illuminate\\Foundation\\Http\\Middleware\\ValidatePostSize->handle(Object(Illuminate\\Http\\Request), Object(Closure))
#34 C:\\Sites\\nazmart\\core\\vendor\\laravel\\framework\\src\\Illuminate\\Foundation\\Http\\Middleware\\PreventRequestsDuringMaintenance.php(86): Illuminate\\Pipeline\\Pipeline->Illuminate\\Pipeline\\{closure}(Object(Illuminate\\Http\\Request))
#35 C:\\Sites\\nazmart\\core\\vendor\\laravel\\framework\\src\\Illuminate\\Pipeline\\Pipeline.php(180): Illuminate\\Foundation\\Http\\Middleware\\PreventRequestsDuringMaintenance->handle(Object(Illuminate\\Http\\Request), Object(Closure))
#36 C:\\Sites\\nazmart\\core\\vendor\\fruitcake\\laravel-cors\\src\\HandleCors.php(38): Illuminate\\Pipeline\\Pipeline->Illuminate\\Pipeline\\{closure}(Object(Illuminate\\Http\\Request))
#37 C:\\Sites\\nazmart\\core\\vendor\\laravel\\framework\\src\\Illuminate\\Pipeline\\Pipeline.php(180): Fruitcake\\Cors\\HandleCors->handle(Object(Illuminate\\Http\\Request), Object(Closure))
#38 C:\\Sites\\nazmart\\core\\vendor\\laravel\\framework\\src\\Illuminate\\Http\\Middleware\\TrustProxies.php(39): Illuminate\\Pipeline\\Pipeline->Illuminate\\Pipeline\\{closure}(Object(Illuminate\\Http\\Request))
#39 C:\\Sites\\nazmart\\core\\vendor\\laravel\\framework\\src\\Illuminate\\Pipeline\\Pipeline.php(180): Illuminate\\Http\\Middleware\\TrustProxies->handle(Object(Illuminate\\Http\\Request), Object(Closure))
#40 C:\\Sites\\nazmart\\core\\vendor\\laravel\\framework\\src\\Illuminate\\Pipeline\\Pipeline.php(116): Illuminate\\Pipeline\\Pipeline->Illuminate\\Pipeline\\{closure}(Object(Illuminate\\Http\\Request))
#41 C:\\Sites\\nazmart\\core\\vendor\\laravel\\framework\\src\\Illuminate\\Foundation\\Http\\Kernel.php(165): Illuminate\\Pipeline\\Pipeline->then(Object(Closure))
#42 C:\\Sites\\nazmart\\core\\vendor\\laravel\\framework\\src\\Illuminate\\Foundation\\Http\\Kernel.php(134): Illuminate\\Foundation\\Http\\Kernel->sendRequestThroughRouter(Object(Illuminate\\Http\\Request))
#43 C:\\Sites\\nazmart\\index.php(71): Illuminate\\Foundation\\Http\\Kernel->handle(Object(Illuminate\\Http\\Request))
#44 C:\\Users\\DELL\\AppData\\Roaming\\Composer\\vendor\\cretueusebiu\\valet-windows\\server.php(241): require('C:\\\\Sites\\\\nazmar...')
#45 {main}
"} 
[2023-04-27 12:08:05] production.ERROR: No application encryption key has been specified. {"exception":"[object] (Illuminate\\Encryption\\MissingAppKeyException(code: 0): No application encryption key has been specified. at C:\\Sites\\nazmart\\core\\vendor\\laravel\\framework\\src\\Illuminate\\Encryption\\EncryptionServiceProvider.php:79)
[stacktrace]
#0 C:\\Sites\\nazmart\\core\\vendor\\laravel\\framework\\src\\Illuminate\\Support\\helpers.php(306): Illuminate\\Encryption\\EncryptionServiceProvider->Illuminate\\Encryption\\{closure}(NULL)
#1 C:\\Sites\\nazmart\\core\\vendor\\laravel\\framework\\src\\Illuminate\\Encryption\\EncryptionServiceProvider.php(81): tap(NULL, Object(Closure))
#2 C:\\Sites\\nazmart\\core\\vendor\\laravel\\framework\\src\\Illuminate\\Encryption\\EncryptionServiceProvider.php(60): Illuminate\\Encryption\\EncryptionServiceProvider->key(Array)
#3 C:\\Sites\\nazmart\\core\\vendor\\laravel\\framework\\src\\Illuminate\\Encryption\\EncryptionServiceProvider.php(32): Illuminate\\Encryption\\EncryptionServiceProvider->parseKey(Array)
#4 C:\\Sites\\nazmart\\core\\vendor\\laravel\\framework\\src\\Illuminate\\Container\\Container.php(871): Illuminate\\Encryption\\EncryptionServiceProvider->Illuminate\\Encryption\\{closure}(Object(Illuminate\\Foundation\\Application), Array)
#5 C:\\Sites\\nazmart\\core\\vendor\\laravel\\framework\\src\\Illuminate\\Container\\Container.php(756): Illuminate\\Container\\Container->build(Object(Closure))
#6 C:\\Sites\\nazmart\\core\\vendor\\laravel\\framework\\src\\Illuminate\\Foundation\\Application.php(860): Illuminate\\Container\\Container->resolve('encrypter', Array, true)
#7 C:\\Sites\\nazmart\\core\\vendor\\laravel\\framework\\src\\Illuminate\\Container\\Container.php(692): Illuminate\\Foundation\\Application->resolve('encrypter', Array)
#8 C:\\Sites\\nazmart\\core\\vendor\\laravel\\framework\\src\\Illuminate\\Foundation\\Application.php(845): Illuminate\\Container\\Container->make('encrypter', Array)
#9 C:\\Sites\\nazmart\\core\\vendor\\laravel\\framework\\src\\Illuminate\\Container\\Container.php(1029): Illuminate\\Foundation\\Application->make('encrypter')
#10 C:\\Sites\\nazmart\\core\\vendor\\laravel\\framework\\src\\Illuminate\\Container\\Container.php(945): Illuminate\\Container\\Container->resolveClass(Object(ReflectionParameter))
#11 C:\\Sites\\nazmart\\core\\vendor\\laravel\\framework\\src\\Illuminate\\Container\\Container.php(906): Illuminate\\Container\\Container->resolveDependencies(Array)
#12 C:\\Sites\\nazmart\\core\\vendor\\laravel\\framework\\src\\Illuminate\\Container\\Container.php(756): Illuminate\\Container\\Container->build('App\\\\Http\\\\Middle...')
#13 C:\\Sites\\nazmart\\core\\vendor\\laravel\\framework\\src\\Illuminate\\Foundation\\Application.php(860): Illuminate\\Container\\Container->resolve('App\\\\Http\\\\Middle...', Array, true)
#14 C:\\Sites\\nazmart\\core\\vendor\\laravel\\framework\\src\\Illuminate\\Container\\Container.php(692): Illuminate\\Foundation\\Application->resolve('App\\\\Http\\\\Middle...', Array)
#15 C:\\Sites\\nazmart\\core\\vendor\\laravel\\framework\\src\\Illuminate\\Foundation\\Application.php(845): Illuminate\\Container\\Container->make('App\\\\Http\\\\Middle...', Array)
#16 C:\\Sites\\nazmart\\core\\vendor\\laravel\\framework\\src\\Illuminate\\Foundation\\Http\\Kernel.php(239): Illuminate\\Foundation\\Application->make('App\\\\Http\\\\Middle...')
#17 C:\\Sites\\nazmart\\core\\vendor\\laravel\\framework\\src\\Illuminate\\Foundation\\Http\\Kernel.php(203): Illuminate\\Foundation\\Http\\Kernel->terminateMiddleware(Object(Illuminate\\Http\\Request), Object(Illuminate\\Http\\Response))
#18 C:\\Sites\\nazmart\\index.php(74): Illuminate\\Foundation\\Http\\Kernel->terminate(Object(Illuminate\\Http\\Request), Object(Illuminate\\Http\\Response))
#19 C:\\Users\\DELL\\AppData\\Roaming\\Composer\\vendor\\cretueusebiu\\valet-windows\\server.php(241): require('C:\\\\Sites\\\\nazmar...')
#20 {main}
"} 
